Терминалы не используются в грамматике

    "this"
    "true"
    "false"


Состояние 48 конфликты: 10 сдвига/вывода
Состояние 70 конфликты: 10 сдвига/вывода
Состояние 71 конфликты: 10 сдвига/вывода
Состояние 72 конфликты: 10 сдвига/вывода
Состояние 73 конфликты: 10 сдвига/вывода
Состояние 74 конфликты: 10 сдвига/вывода
Состояние 75 конфликты: 10 сдвига/вывода
Состояние 76 конфликты: 10 сдвига/вывода
Состояние 77 конфликты: 10 сдвига/вывода
Состояние 78 конфликты: 10 сдвига/вывода
Состояние 79 конфликты: 10 сдвига/вывода


Грамматика

    0 $accept: unit "end of file"

    1 unit: program

    2 program: main_class

    3 main_class: "class" "identifier" "{" "public" "static" "void" "main" "(" ")" "{" statements "}" "}"

    4 statements: %empty
    5           | statement statements

    6 statement: "assert" "(" exp ")" ";"
    7          | variable_declaration ";"
    8          | "{" statements "}"
    9          | "System.out.println" "(" exp ")" ";"
   10          | "identifier" "=" exp ";"
   11          | "identifier" "[" exp "]" "=" exp ";"
   12          | "identifier" "=" "new" "int" "[" exp "]" ";"

   13 variable_declaration: simple_type
   14                     | array_type

   15 simple_type: "int" "identifier"

   16 array_type: "int" "[" "]" "identifier"

   17 exp: exp "&&" exp
   18    | exp "||" exp
   19    | exp "<" exp
   20    | exp ">" exp
   21    | exp "==" exp
   22    | exp "+" exp
   23    | exp "-" exp
   24    | exp "*" exp
   25    | exp "/" exp
   26    | exp "%" exp
   27    | "identifier" "[" exp "]"
   28    | "identifier" "." "length"
   29    | "!" exp
   30    | "(" exp ")"
   31    | "number"
   32    | "identifier"


Терминальные символы с правилами, в которых они появляются

    "end of file" (0) 0
    error (256)
    "&&" (258) 17
    "||" (259) 18
    "<" (260) 19
    ">" (261) 20
    "=" (262) 10 11 12
    "==" (263) 21
    "+" (264) 22
    "-" (265) 23
    "*" (266) 24
    "/" (267) 25
    "%" (268) 26
    "(" (269) 3 6 9 30
    ")" (270) 3 6 9 30
    "{" (271) 3 8
    "}" (272) 3 8
    "[" (273) 11 12 16 27
    "]" (274) 11 12 16 27
    ";" (275) 6 7 9 10 11 12
    "." (276) 28
    "!" (277) 29
    "this" (278)
    "true" (279)
    "false" (280)
    "length" (281) 28
    "System.out.println" (282) 9
    "class" (283) 3
    "public" (284) 3
    "static" (285) 3
    "void" (286) 3
    "main" (287) 3
    "new" (288) 12
    "assert" (289) 6
    "int" (290) 12 15 16
    "identifier" <std::string> (291) 3 10 11 12 15 16 27 28 32
    "number" <int> (292) 31


Нетерминальные символы с правилами, в которых они появляются

    $accept (38)
        on left: 0
    unit (39)
        on left: 1
        on right: 0
    program <int> (40)
        on left: 2
        on right: 1
    main_class (41)
        on left: 3
        on right: 2
    statements (42)
        on left: 4 5
        on right: 3 5 8
    statement (43)
        on left: 6 7 8 9 10 11 12
        on right: 5
    variable_declaration (44)
        on left: 13 14
        on right: 7
    simple_type (45)
        on left: 15
        on right: 13
    array_type (46)
        on left: 16
        on right: 14
    exp <int> (47)
        on left: 17 18 19 20 21 22 23 24 25 26 27 28 29 30 31 32
        on right: 6 9 10 11 12 17 18 19 20 21 22 23 24 25 26 27 29 30


Состояние 0

    0 $accept: . unit "end of file"

    "class"  сдвиг, и переход в состояние 1

    unit        переход в состояние 2
    program     переход в состояние 3
    main_class  переход в состояние 4


Состояние 1

    3 main_class: "class" . "identifier" "{" "public" "static" "void" "main" "(" ")" "{" statements "}" "}"

    "identifier"  сдвиг, и переход в состояние 5


Состояние 2

    0 $accept: unit . "end of file"

    "end of file"  сдвиг, и переход в состояние 6


Состояние 3

    1 unit: program .

    $default  вывод с использованием правила 1 (unit)


Состояние 4

    2 program: main_class .

    $default  вывод с использованием правила 2 (program)


Состояние 5

    3 main_class: "class" "identifier" . "{" "public" "static" "void" "main" "(" ")" "{" statements "}" "}"

    "{"  сдвиг, и переход в состояние 7


Состояние 6

    0 $accept: unit "end of file" .

    $default  принять


Состояние 7

    3 main_class: "class" "identifier" "{" . "public" "static" "void" "main" "(" ")" "{" statements "}" "}"

    "public"  сдвиг, и переход в состояние 8


Состояние 8

    3 main_class: "class" "identifier" "{" "public" . "static" "void" "main" "(" ")" "{" statements "}" "}"

    "static"  сдвиг, и переход в состояние 9


Состояние 9

    3 main_class: "class" "identifier" "{" "public" "static" . "void" "main" "(" ")" "{" statements "}" "}"

    "void"  сдвиг, и переход в состояние 10


Состояние 10

    3 main_class: "class" "identifier" "{" "public" "static" "void" . "main" "(" ")" "{" statements "}" "}"

    "main"  сдвиг, и переход в состояние 11


Состояние 11

    3 main_class: "class" "identifier" "{" "public" "static" "void" "main" . "(" ")" "{" statements "}" "}"

    "("  сдвиг, и переход в состояние 12


Состояние 12

    3 main_class: "class" "identifier" "{" "public" "static" "void" "main" "(" . ")" "{" statements "}" "}"

    ")"  сдвиг, и переход в состояние 13


Состояние 13

    3 main_class: "class" "identifier" "{" "public" "static" "void" "main" "(" ")" . "{" statements "}" "}"

    "{"  сдвиг, и переход в состояние 14


Состояние 14

    3 main_class: "class" "identifier" "{" "public" "static" "void" "main" "(" ")" "{" . statements "}" "}"

    "{"                   сдвиг, и переход в состояние 15
    "System.out.println"  сдвиг, и переход в состояние 16
    "assert"              сдвиг, и переход в состояние 17
    "int"                 сдвиг, и переход в состояние 18
    "identifier"          сдвиг, и переход в состояние 19

    $default  вывод с использованием правила 4 (statements)

    statements            переход в состояние 20
    statement             переход в состояние 21
    variable_declaration  переход в состояние 22
    simple_type           переход в состояние 23
    array_type            переход в состояние 24


Состояние 15

    8 statement: "{" . statements "}"

    "{"                   сдвиг, и переход в состояние 15
    "System.out.println"  сдвиг, и переход в состояние 16
    "assert"              сдвиг, и переход в состояние 17
    "int"                 сдвиг, и переход в состояние 18
    "identifier"          сдвиг, и переход в состояние 19

    $default  вывод с использованием правила 4 (statements)

    statements            переход в состояние 25
    statement             переход в состояние 21
    variable_declaration  переход в состояние 22
    simple_type           переход в состояние 23
    array_type            переход в состояние 24


Состояние 16

    9 statement: "System.out.println" . "(" exp ")" ";"

    "("  сдвиг, и переход в состояние 26


Состояние 17

    6 statement: "assert" . "(" exp ")" ";"

    "("  сдвиг, и переход в состояние 27


Состояние 18

   15 simple_type: "int" . "identifier"
   16 array_type: "int" . "[" "]" "identifier"

    "["           сдвиг, и переход в состояние 28
    "identifier"  сдвиг, и переход в состояние 29


Состояние 19

   10 statement: "identifier" . "=" exp ";"
   11          | "identifier" . "[" exp "]" "=" exp ";"
   12          | "identifier" . "=" "new" "int" "[" exp "]" ";"

    "="  сдвиг, и переход в состояние 30
    "["  сдвиг, и переход в состояние 31


Состояние 20

    3 main_class: "class" "identifier" "{" "public" "static" "void" "main" "(" ")" "{" statements . "}" "}"

    "}"  сдвиг, и переход в состояние 32


Состояние 21

    5 statements: statement . statements

    "{"                   сдвиг, и переход в состояние 15
    "System.out.println"  сдвиг, и переход в состояние 16
    "assert"              сдвиг, и переход в состояние 17
    "int"                 сдвиг, и переход в состояние 18
    "identifier"          сдвиг, и переход в состояние 19

    $default  вывод с использованием правила 4 (statements)

    statements            переход в состояние 33
    statement             переход в состояние 21
    variable_declaration  переход в состояние 22
    simple_type           переход в состояние 23
    array_type            переход в состояние 24


Состояние 22

    7 statement: variable_declaration . ";"

    ";"  сдвиг, и переход в состояние 34


Состояние 23

   13 variable_declaration: simple_type .

    $default  вывод с использованием правила 13 (variable_declaration)


Состояние 24

   14 variable_declaration: array_type .

    $default  вывод с использованием правила 14 (variable_declaration)


Состояние 25

    8 statement: "{" statements . "}"

    "}"  сдвиг, и переход в состояние 35


Состояние 26

    9 statement: "System.out.println" "(" . exp ")" ";"

    "("           сдвиг, и переход в состояние 36
    "!"           сдвиг, и переход в состояние 37
    "identifier"  сдвиг, и переход в состояние 38
    "number"      сдвиг, и переход в состояние 39

    exp  переход в состояние 40


Состояние 27

    6 statement: "assert" "(" . exp ")" ";"

    "("           сдвиг, и переход в состояние 36
    "!"           сдвиг, и переход в состояние 37
    "identifier"  сдвиг, и переход в состояние 38
    "number"      сдвиг, и переход в состояние 39

    exp  переход в состояние 41


Состояние 28

   16 array_type: "int" "[" . "]" "identifier"

    "]"  сдвиг, и переход в состояние 42


Состояние 29

   15 simple_type: "int" "identifier" .

    $default  вывод с использованием правила 15 (simple_type)


Состояние 30

   10 statement: "identifier" "=" . exp ";"
   12          | "identifier" "=" . "new" "int" "[" exp "]" ";"

    "("           сдвиг, и переход в состояние 36
    "!"           сдвиг, и переход в состояние 37
    "new"         сдвиг, и переход в состояние 43
    "identifier"  сдвиг, и переход в состояние 38
    "number"      сдвиг, и переход в состояние 39

    exp  переход в состояние 44


Состояние 31

   11 statement: "identifier" "[" . exp "]" "=" exp ";"

    "("           сдвиг, и переход в состояние 36
    "!"           сдвиг, и переход в состояние 37
    "identifier"  сдвиг, и переход в состояние 38
    "number"      сдвиг, и переход в состояние 39

    exp  переход в состояние 45


Состояние 32

    3 main_class: "class" "identifier" "{" "public" "static" "void" "main" "(" ")" "{" statements "}" . "}"

    "}"  сдвиг, и переход в состояние 46


Состояние 33

    5 statements: statement statements .

    $default  вывод с использованием правила 5 (statements)


Состояние 34

    7 statement: variable_declaration ";" .

    $default  вывод с использованием правила 7 (statement)


Состояние 35

    8 statement: "{" statements "}" .

    $default  вывод с использованием правила 8 (statement)


Состояние 36

   30 exp: "(" . exp ")"

    "("           сдвиг, и переход в состояние 36
    "!"           сдвиг, и переход в состояние 37
    "identifier"  сдвиг, и переход в состояние 38
    "number"      сдвиг, и переход в состояние 39

    exp  переход в состояние 47


Состояние 37

   29 exp: "!" . exp

    "("           сдвиг, и переход в состояние 36
    "!"           сдвиг, и переход в состояние 37
    "identifier"  сдвиг, и переход в состояние 38
    "number"      сдвиг, и переход в состояние 39

    exp  переход в состояние 48


Состояние 38

   27 exp: "identifier" . "[" exp "]"
   28    | "identifier" . "." "length"
   32    | "identifier" .

    "["  сдвиг, и переход в состояние 49
    "."  сдвиг, и переход в состояние 50

    $default  вывод с использованием правила 32 (exp)


Состояние 39

   31 exp: "number" .

    $default  вывод с использованием правила 31 (exp)


Состояние 40

    9 statement: "System.out.println" "(" exp . ")" ";"
   17 exp: exp . "&&" exp
   18    | exp . "||" exp
   19    | exp . "<" exp
   20    | exp . ">" exp
   21    | exp . "==" exp
   22    | exp . "+" exp
   23    | exp . "-" exp
   24    | exp . "*" exp
   25    | exp . "/" exp
   26    | exp . "%" exp

    "&&"  сдвиг, и переход в состояние 51
    "||"  сдвиг, и переход в состояние 52
    "<"   сдвиг, и переход в состояние 53
    ">"   сдвиг, и переход в состояние 54
    "=="  сдвиг, и переход в состояние 55
    "+"   сдвиг, и переход в состояние 56
    "-"   сдвиг, и переход в состояние 57
    "*"   сдвиг, и переход в состояние 58
    "/"   сдвиг, и переход в состояние 59
    "%"   сдвиг, и переход в состояние 60
    ")"   сдвиг, и переход в состояние 61


Состояние 41

    6 statement: "assert" "(" exp . ")" ";"
   17 exp: exp . "&&" exp
   18    | exp . "||" exp
   19    | exp . "<" exp
   20    | exp . ">" exp
   21    | exp . "==" exp
   22    | exp . "+" exp
   23    | exp . "-" exp
   24    | exp . "*" exp
   25    | exp . "/" exp
   26    | exp . "%" exp

    "&&"  сдвиг, и переход в состояние 51
    "||"  сдвиг, и переход в состояние 52
    "<"   сдвиг, и переход в состояние 53
    ">"   сдвиг, и переход в состояние 54
    "=="  сдвиг, и переход в состояние 55
    "+"   сдвиг, и переход в состояние 56
    "-"   сдвиг, и переход в состояние 57
    "*"   сдвиг, и переход в состояние 58
    "/"   сдвиг, и переход в состояние 59
    "%"   сдвиг, и переход в состояние 60
    ")"   сдвиг, и переход в состояние 62


Состояние 42

   16 array_type: "int" "[" "]" . "identifier"

    "identifier"  сдвиг, и переход в состояние 63


Состояние 43

   12 statement: "identifier" "=" "new" . "int" "[" exp "]" ";"

    "int"  сдвиг, и переход в состояние 64


Состояние 44

   10 statement: "identifier" "=" exp . ";"
   17 exp: exp . "&&" exp
   18    | exp . "||" exp
   19    | exp . "<" exp
   20    | exp . ">" exp
   21    | exp . "==" exp
   22    | exp . "+" exp
   23    | exp . "-" exp
   24    | exp . "*" exp
   25    | exp . "/" exp
   26    | exp . "%" exp

    "&&"  сдвиг, и переход в состояние 51
    "||"  сдвиг, и переход в состояние 52
    "<"   сдвиг, и переход в состояние 53
    ">"   сдвиг, и переход в состояние 54
    "=="  сдвиг, и переход в состояние 55
    "+"   сдвиг, и переход в состояние 56
    "-"   сдвиг, и переход в состояние 57
    "*"   сдвиг, и переход в состояние 58
    "/"   сдвиг, и переход в состояние 59
    "%"   сдвиг, и переход в состояние 60
    ";"   сдвиг, и переход в состояние 65


Состояние 45

   11 statement: "identifier" "[" exp . "]" "=" exp ";"
   17 exp: exp . "&&" exp
   18    | exp . "||" exp
   19    | exp . "<" exp
   20    | exp . ">" exp
   21    | exp . "==" exp
   22    | exp . "+" exp
   23    | exp . "-" exp
   24    | exp . "*" exp
   25    | exp . "/" exp
   26    | exp . "%" exp

    "&&"  сдвиг, и переход в состояние 51
    "||"  сдвиг, и переход в состояние 52
    "<"   сдвиг, и переход в состояние 53
    ">"   сдвиг, и переход в состояние 54
    "=="  сдвиг, и переход в состояние 55
    "+"   сдвиг, и переход в состояние 56
    "-"   сдвиг, и переход в состояние 57
    "*"   сдвиг, и переход в состояние 58
    "/"   сдвиг, и переход в состояние 59
    "%"   сдвиг, и переход в состояние 60
    "]"   сдвиг, и переход в состояние 66


Состояние 46

    3 main_class: "class" "identifier" "{" "public" "static" "void" "main" "(" ")" "{" statements "}" "}" .

    $default  вывод с использованием правила 3 (main_class)


Состояние 47

   17 exp: exp . "&&" exp
   18    | exp . "||" exp
   19    | exp . "<" exp
   20    | exp . ">" exp
   21    | exp . "==" exp
   22    | exp . "+" exp
   23    | exp . "-" exp
   24    | exp . "*" exp
   25    | exp . "/" exp
   26    | exp . "%" exp
   30    | "(" exp . ")"

    "&&"  сдвиг, и переход в состояние 51
    "||"  сдвиг, и переход в состояние 52
    "<"   сдвиг, и переход в состояние 53
    ">"   сдвиг, и переход в состояние 54
    "=="  сдвиг, и переход в состояние 55
    "+"   сдвиг, и переход в состояние 56
    "-"   сдвиг, и переход в состояние 57
    "*"   сдвиг, и переход в состояние 58
    "/"   сдвиг, и переход в состояние 59
    "%"   сдвиг, и переход в состояние 60
    ")"   сдвиг, и переход в состояние 67


Состояние 48

   17 exp: exp . "&&" exp
   18    | exp . "||" exp
   19    | exp . "<" exp
   20    | exp . ">" exp
   21    | exp . "==" exp
   22    | exp . "+" exp
   23    | exp . "-" exp
   24    | exp . "*" exp
   25    | exp . "/" exp
   26    | exp . "%" exp
   29    | "!" exp .

    "&&"  сдвиг, и переход в состояние 51
    "||"  сдвиг, и переход в состояние 52
    "<"   сдвиг, и переход в состояние 53
    ">"   сдвиг, и переход в состояние 54
    "=="  сдвиг, и переход в состояние 55
    "+"   сдвиг, и переход в состояние 56
    "-"   сдвиг, и переход в состояние 57
    "*"   сдвиг, и переход в состояние 58
    "/"   сдвиг, и переход в состояние 59
    "%"   сдвиг, и переход в состояние 60

    "&&"      [вывод с использованием правила 29 (exp)]
    "||"      [вывод с использованием правила 29 (exp)]
    "<"       [вывод с использованием правила 29 (exp)]
    ">"       [вывод с использованием правила 29 (exp)]
    "=="      [вывод с использованием правила 29 (exp)]
    "+"       [вывод с использованием правила 29 (exp)]
    "-"       [вывод с использованием правила 29 (exp)]
    "*"       [вывод с использованием правила 29 (exp)]
    "/"       [вывод с использованием правила 29 (exp)]
    "%"       [вывод с использованием правила 29 (exp)]
    $default  вывод с использованием правила 29 (exp)


Состояние 49

   27 exp: "identifier" "[" . exp "]"

    "("           сдвиг, и переход в состояние 36
    "!"           сдвиг, и переход в состояние 37
    "identifier"  сдвиг, и переход в состояние 38
    "number"      сдвиг, и переход в состояние 39

    exp  переход в состояние 68


Состояние 50

   28 exp: "identifier" "." . "length"

    "length"  сдвиг, и переход в состояние 69


Состояние 51

   17 exp: exp "&&" . exp

    "("           сдвиг, и переход в состояние 36
    "!"           сдвиг, и переход в состояние 37
    "identifier"  сдвиг, и переход в состояние 38
    "number"      сдвиг, и переход в состояние 39

    exp  переход в состояние 70


Состояние 52

   18 exp: exp "||" . exp

    "("           сдвиг, и переход в состояние 36
    "!"           сдвиг, и переход в состояние 37
    "identifier"  сдвиг, и переход в состояние 38
    "number"      сдвиг, и переход в состояние 39

    exp  переход в состояние 71


Состояние 53

   19 exp: exp "<" . exp

    "("           сдвиг, и переход в состояние 36
    "!"           сдвиг, и переход в состояние 37
    "identifier"  сдвиг, и переход в состояние 38
    "number"      сдвиг, и переход в состояние 39

    exp  переход в состояние 72


Состояние 54

   20 exp: exp ">" . exp

    "("           сдвиг, и переход в состояние 36
    "!"           сдвиг, и переход в состояние 37
    "identifier"  сдвиг, и переход в состояние 38
    "number"      сдвиг, и переход в состояние 39

    exp  переход в состояние 73


Состояние 55

   21 exp: exp "==" . exp

    "("           сдвиг, и переход в состояние 36
    "!"           сдвиг, и переход в состояние 37
    "identifier"  сдвиг, и переход в состояние 38
    "number"      сдвиг, и переход в состояние 39

    exp  переход в состояние 74


Состояние 56

   22 exp: exp "+" . exp

    "("           сдвиг, и переход в состояние 36
    "!"           сдвиг, и переход в состояние 37
    "identifier"  сдвиг, и переход в состояние 38
    "number"      сдвиг, и переход в состояние 39

    exp  переход в состояние 75


Состояние 57

   23 exp: exp "-" . exp

    "("           сдвиг, и переход в состояние 36
    "!"           сдвиг, и переход в состояние 37
    "identifier"  сдвиг, и переход в состояние 38
    "number"      сдвиг, и переход в состояние 39

    exp  переход в состояние 76


Состояние 58

   24 exp: exp "*" . exp

    "("           сдвиг, и переход в состояние 36
    "!"           сдвиг, и переход в состояние 37
    "identifier"  сдвиг, и переход в состояние 38
    "number"      сдвиг, и переход в состояние 39

    exp  переход в состояние 77


Состояние 59

   25 exp: exp "/" . exp

    "("           сдвиг, и переход в состояние 36
    "!"           сдвиг, и переход в состояние 37
    "identifier"  сдвиг, и переход в состояние 38
    "number"      сдвиг, и переход в состояние 39

    exp  переход в состояние 78


Состояние 60

   26 exp: exp "%" . exp

    "("           сдвиг, и переход в состояние 36
    "!"           сдвиг, и переход в состояние 37
    "identifier"  сдвиг, и переход в состояние 38
    "number"      сдвиг, и переход в состояние 39

    exp  переход в состояние 79


Состояние 61

    9 statement: "System.out.println" "(" exp ")" . ";"

    ";"  сдвиг, и переход в состояние 80


Состояние 62

    6 statement: "assert" "(" exp ")" . ";"

    ";"  сдвиг, и переход в состояние 81


Состояние 63

   16 array_type: "int" "[" "]" "identifier" .

    $default  вывод с использованием правила 16 (array_type)


Состояние 64

   12 statement: "identifier" "=" "new" "int" . "[" exp "]" ";"

    "["  сдвиг, и переход в состояние 82


Состояние 65

   10 statement: "identifier" "=" exp ";" .

    $default  вывод с использованием правила 10 (statement)


Состояние 66

   11 statement: "identifier" "[" exp "]" . "=" exp ";"

    "="  сдвиг, и переход в состояние 83


Состояние 67

   30 exp: "(" exp ")" .

    $default  вывод с использованием правила 30 (exp)


Состояние 68

   17 exp: exp . "&&" exp
   18    | exp . "||" exp
   19    | exp . "<" exp
   20    | exp . ">" exp
   21    | exp . "==" exp
   22    | exp . "+" exp
   23    | exp . "-" exp
   24    | exp . "*" exp
   25    | exp . "/" exp
   26    | exp . "%" exp
   27    | "identifier" "[" exp . "]"

    "&&"  сдвиг, и переход в состояние 51
    "||"  сдвиг, и переход в состояние 52
    "<"   сдвиг, и переход в состояние 53
    ">"   сдвиг, и переход в состояние 54
    "=="  сдвиг, и переход в состояние 55
    "+"   сдвиг, и переход в состояние 56
    "-"   сдвиг, и переход в состояние 57
    "*"   сдвиг, и переход в состояние 58
    "/"   сдвиг, и переход в состояние 59
    "%"   сдвиг, и переход в состояние 60
    "]"   сдвиг, и переход в состояние 84


Состояние 69

   28 exp: "identifier" "." "length" .

    $default  вывод с использованием правила 28 (exp)


Состояние 70

   17 exp: exp . "&&" exp
   17    | exp "&&" exp .
   18    | exp . "||" exp
   19    | exp . "<" exp
   20    | exp . ">" exp
   21    | exp . "==" exp
   22    | exp . "+" exp
   23    | exp . "-" exp
   24    | exp . "*" exp
   25    | exp . "/" exp
   26    | exp . "%" exp

    "&&"  сдвиг, и переход в состояние 51
    "||"  сдвиг, и переход в состояние 52
    "<"   сдвиг, и переход в состояние 53
    ">"   сдвиг, и переход в состояние 54
    "=="  сдвиг, и переход в состояние 55
    "+"   сдвиг, и переход в состояние 56
    "-"   сдвиг, и переход в состояние 57
    "*"   сдвиг, и переход в состояние 58
    "/"   сдвиг, и переход в состояние 59
    "%"   сдвиг, и переход в состояние 60

    "&&"      [вывод с использованием правила 17 (exp)]
    "||"      [вывод с использованием правила 17 (exp)]
    "<"       [вывод с использованием правила 17 (exp)]
    ">"       [вывод с использованием правила 17 (exp)]
    "=="      [вывод с использованием правила 17 (exp)]
    "+"       [вывод с использованием правила 17 (exp)]
    "-"       [вывод с использованием правила 17 (exp)]
    "*"       [вывод с использованием правила 17 (exp)]
    "/"       [вывод с использованием правила 17 (exp)]
    "%"       [вывод с использованием правила 17 (exp)]
    $default  вывод с использованием правила 17 (exp)


Состояние 71

   17 exp: exp . "&&" exp
   18    | exp . "||" exp
   18    | exp "||" exp .
   19    | exp . "<" exp
   20    | exp . ">" exp
   21    | exp . "==" exp
   22    | exp . "+" exp
   23    | exp . "-" exp
   24    | exp . "*" exp
   25    | exp . "/" exp
   26    | exp . "%" exp

    "&&"  сдвиг, и переход в состояние 51
    "||"  сдвиг, и переход в состояние 52
    "<"   сдвиг, и переход в состояние 53
    ">"   сдвиг, и переход в состояние 54
    "=="  сдвиг, и переход в состояние 55
    "+"   сдвиг, и переход в состояние 56
    "-"   сдвиг, и переход в состояние 57
    "*"   сдвиг, и переход в состояние 58
    "/"   сдвиг, и переход в состояние 59
    "%"   сдвиг, и переход в состояние 60

    "&&"      [вывод с использованием правила 18 (exp)]
    "||"      [вывод с использованием правила 18 (exp)]
    "<"       [вывод с использованием правила 18 (exp)]
    ">"       [вывод с использованием правила 18 (exp)]
    "=="      [вывод с использованием правила 18 (exp)]
    "+"       [вывод с использованием правила 18 (exp)]
    "-"       [вывод с использованием правила 18 (exp)]
    "*"       [вывод с использованием правила 18 (exp)]
    "/"       [вывод с использованием правила 18 (exp)]
    "%"       [вывод с использованием правила 18 (exp)]
    $default  вывод с использованием правила 18 (exp)


Состояние 72

   17 exp: exp . "&&" exp
   18    | exp . "||" exp
   19    | exp . "<" exp
   19    | exp "<" exp .
   20    | exp . ">" exp
   21    | exp . "==" exp
   22    | exp . "+" exp
   23    | exp . "-" exp
   24    | exp . "*" exp
   25    | exp . "/" exp
   26    | exp . "%" exp

    "&&"  сдвиг, и переход в состояние 51
    "||"  сдвиг, и переход в состояние 52
    "<"   сдвиг, и переход в состояние 53
    ">"   сдвиг, и переход в состояние 54
    "=="  сдвиг, и переход в состояние 55
    "+"   сдвиг, и переход в состояние 56
    "-"   сдвиг, и переход в состояние 57
    "*"   сдвиг, и переход в состояние 58
    "/"   сдвиг, и переход в состояние 59
    "%"   сдвиг, и переход в состояние 60

    "&&"      [вывод с использованием правила 19 (exp)]
    "||"      [вывод с использованием правила 19 (exp)]
    "<"       [вывод с использованием правила 19 (exp)]
    ">"       [вывод с использованием правила 19 (exp)]
    "=="      [вывод с использованием правила 19 (exp)]
    "+"       [вывод с использованием правила 19 (exp)]
    "-"       [вывод с использованием правила 19 (exp)]
    "*"       [вывод с использованием правила 19 (exp)]
    "/"       [вывод с использованием правила 19 (exp)]
    "%"       [вывод с использованием правила 19 (exp)]
    $default  вывод с использованием правила 19 (exp)


Состояние 73

   17 exp: exp . "&&" exp
   18    | exp . "||" exp
   19    | exp . "<" exp
   20    | exp . ">" exp
   20    | exp ">" exp .
   21    | exp . "==" exp
   22    | exp . "+" exp
   23    | exp . "-" exp
   24    | exp . "*" exp
   25    | exp . "/" exp
   26    | exp . "%" exp

    "&&"  сдвиг, и переход в состояние 51
    "||"  сдвиг, и переход в состояние 52
    "<"   сдвиг, и переход в состояние 53
    ">"   сдвиг, и переход в состояние 54
    "=="  сдвиг, и переход в состояние 55
    "+"   сдвиг, и переход в состояние 56
    "-"   сдвиг, и переход в состояние 57
    "*"   сдвиг, и переход в состояние 58
    "/"   сдвиг, и переход в состояние 59
    "%"   сдвиг, и переход в состояние 60

    "&&"      [вывод с использованием правила 20 (exp)]
    "||"      [вывод с использованием правила 20 (exp)]
    "<"       [вывод с использованием правила 20 (exp)]
    ">"       [вывод с использованием правила 20 (exp)]
    "=="      [вывод с использованием правила 20 (exp)]
    "+"       [вывод с использованием правила 20 (exp)]
    "-"       [вывод с использованием правила 20 (exp)]
    "*"       [вывод с использованием правила 20 (exp)]
    "/"       [вывод с использованием правила 20 (exp)]
    "%"       [вывод с использованием правила 20 (exp)]
    $default  вывод с использованием правила 20 (exp)


Состояние 74

   17 exp: exp . "&&" exp
   18    | exp . "||" exp
   19    | exp . "<" exp
   20    | exp . ">" exp
   21    | exp . "==" exp
   21    | exp "==" exp .
   22    | exp . "+" exp
   23    | exp . "-" exp
   24    | exp . "*" exp
   25    | exp . "/" exp
   26    | exp . "%" exp

    "&&"  сдвиг, и переход в состояние 51
    "||"  сдвиг, и переход в состояние 52
    "<"   сдвиг, и переход в состояние 53
    ">"   сдвиг, и переход в состояние 54
    "=="  сдвиг, и переход в состояние 55
    "+"   сдвиг, и переход в состояние 56
    "-"   сдвиг, и переход в состояние 57
    "*"   сдвиг, и переход в состояние 58
    "/"   сдвиг, и переход в состояние 59
    "%"   сдвиг, и переход в состояние 60

    "&&"      [вывод с использованием правила 21 (exp)]
    "||"      [вывод с использованием правила 21 (exp)]
    "<"       [вывод с использованием правила 21 (exp)]
    ">"       [вывод с использованием правила 21 (exp)]
    "=="      [вывод с использованием правила 21 (exp)]
    "+"       [вывод с использованием правила 21 (exp)]
    "-"       [вывод с использованием правила 21 (exp)]
    "*"       [вывод с использованием правила 21 (exp)]
    "/"       [вывод с использованием правила 21 (exp)]
    "%"       [вывод с использованием правила 21 (exp)]
    $default  вывод с использованием правила 21 (exp)


Состояние 75

   17 exp: exp . "&&" exp
   18    | exp . "||" exp
   19    | exp . "<" exp
   20    | exp . ">" exp
   21    | exp . "==" exp
   22    | exp . "+" exp
   22    | exp "+" exp .
   23    | exp . "-" exp
   24    | exp . "*" exp
   25    | exp . "/" exp
   26    | exp . "%" exp

    "&&"  сдвиг, и переход в состояние 51
    "||"  сдвиг, и переход в состояние 52
    "<"   сдвиг, и переход в состояние 53
    ">"   сдвиг, и переход в состояние 54
    "=="  сдвиг, и переход в состояние 55
    "+"   сдвиг, и переход в состояние 56
    "-"   сдвиг, и переход в состояние 57
    "*"   сдвиг, и переход в состояние 58
    "/"   сдвиг, и переход в состояние 59
    "%"   сдвиг, и переход в состояние 60

    "&&"      [вывод с использованием правила 22 (exp)]
    "||"      [вывод с использованием правила 22 (exp)]
    "<"       [вывод с использованием правила 22 (exp)]
    ">"       [вывод с использованием правила 22 (exp)]
    "=="      [вывод с использованием правила 22 (exp)]
    "+"       [вывод с использованием правила 22 (exp)]
    "-"       [вывод с использованием правила 22 (exp)]
    "*"       [вывод с использованием правила 22 (exp)]
    "/"       [вывод с использованием правила 22 (exp)]
    "%"       [вывод с использованием правила 22 (exp)]
    $default  вывод с использованием правила 22 (exp)


Состояние 76

   17 exp: exp . "&&" exp
   18    | exp . "||" exp
   19    | exp . "<" exp
   20    | exp . ">" exp
   21    | exp . "==" exp
   22    | exp . "+" exp
   23    | exp . "-" exp
   23    | exp "-" exp .
   24    | exp . "*" exp
   25    | exp . "/" exp
   26    | exp . "%" exp

    "&&"  сдвиг, и переход в состояние 51
    "||"  сдвиг, и переход в состояние 52
    "<"   сдвиг, и переход в состояние 53
    ">"   сдвиг, и переход в состояние 54
    "=="  сдвиг, и переход в состояние 55
    "+"   сдвиг, и переход в состояние 56
    "-"   сдвиг, и переход в состояние 57
    "*"   сдвиг, и переход в состояние 58
    "/"   сдвиг, и переход в состояние 59
    "%"   сдвиг, и переход в состояние 60

    "&&"      [вывод с использованием правила 23 (exp)]
    "||"      [вывод с использованием правила 23 (exp)]
    "<"       [вывод с использованием правила 23 (exp)]
    ">"       [вывод с использованием правила 23 (exp)]
    "=="      [вывод с использованием правила 23 (exp)]
    "+"       [вывод с использованием правила 23 (exp)]
    "-"       [вывод с использованием правила 23 (exp)]
    "*"       [вывод с использованием правила 23 (exp)]
    "/"       [вывод с использованием правила 23 (exp)]
    "%"       [вывод с использованием правила 23 (exp)]
    $default  вывод с использованием правила 23 (exp)


Состояние 77

   17 exp: exp . "&&" exp
   18    | exp . "||" exp
   19    | exp . "<" exp
   20    | exp . ">" exp
   21    | exp . "==" exp
   22    | exp . "+" exp
   23    | exp . "-" exp
   24    | exp . "*" exp
   24    | exp "*" exp .
   25    | exp . "/" exp
   26    | exp . "%" exp

    "&&"  сдвиг, и переход в состояние 51
    "||"  сдвиг, и переход в состояние 52
    "<"   сдвиг, и переход в состояние 53
    ">"   сдвиг, и переход в состояние 54
    "=="  сдвиг, и переход в состояние 55
    "+"   сдвиг, и переход в состояние 56
    "-"   сдвиг, и переход в состояние 57
    "*"   сдвиг, и переход в состояние 58
    "/"   сдвиг, и переход в состояние 59
    "%"   сдвиг, и переход в состояние 60

    "&&"      [вывод с использованием правила 24 (exp)]
    "||"      [вывод с использованием правила 24 (exp)]
    "<"       [вывод с использованием правила 24 (exp)]
    ">"       [вывод с использованием правила 24 (exp)]
    "=="      [вывод с использованием правила 24 (exp)]
    "+"       [вывод с использованием правила 24 (exp)]
    "-"       [вывод с использованием правила 24 (exp)]
    "*"       [вывод с использованием правила 24 (exp)]
    "/"       [вывод с использованием правила 24 (exp)]
    "%"       [вывод с использованием правила 24 (exp)]
    $default  вывод с использованием правила 24 (exp)


Состояние 78

   17 exp: exp . "&&" exp
   18    | exp . "||" exp
   19    | exp . "<" exp
   20    | exp . ">" exp
   21    | exp . "==" exp
   22    | exp . "+" exp
   23    | exp . "-" exp
   24    | exp . "*" exp
   25    | exp . "/" exp
   25    | exp "/" exp .
   26    | exp . "%" exp

    "&&"  сдвиг, и переход в состояние 51
    "||"  сдвиг, и переход в состояние 52
    "<"   сдвиг, и переход в состояние 53
    ">"   сдвиг, и переход в состояние 54
    "=="  сдвиг, и переход в состояние 55
    "+"   сдвиг, и переход в состояние 56
    "-"   сдвиг, и переход в состояние 57
    "*"   сдвиг, и переход в состояние 58
    "/"   сдвиг, и переход в состояние 59
    "%"   сдвиг, и переход в состояние 60

    "&&"      [вывод с использованием правила 25 (exp)]
    "||"      [вывод с использованием правила 25 (exp)]
    "<"       [вывод с использованием правила 25 (exp)]
    ">"       [вывод с использованием правила 25 (exp)]
    "=="      [вывод с использованием правила 25 (exp)]
    "+"       [вывод с использованием правила 25 (exp)]
    "-"       [вывод с использованием правила 25 (exp)]
    "*"       [вывод с использованием правила 25 (exp)]
    "/"       [вывод с использованием правила 25 (exp)]
    "%"       [вывод с использованием правила 25 (exp)]
    $default  вывод с использованием правила 25 (exp)


Состояние 79

   17 exp: exp . "&&" exp
   18    | exp . "||" exp
   19    | exp . "<" exp
   20    | exp . ">" exp
   21    | exp . "==" exp
   22    | exp . "+" exp
   23    | exp . "-" exp
   24    | exp . "*" exp
   25    | exp . "/" exp
   26    | exp . "%" exp
   26    | exp "%" exp .

    "&&"  сдвиг, и переход в состояние 51
    "||"  сдвиг, и переход в состояние 52
    "<"   сдвиг, и переход в состояние 53
    ">"   сдвиг, и переход в состояние 54
    "=="  сдвиг, и переход в состояние 55
    "+"   сдвиг, и переход в состояние 56
    "-"   сдвиг, и переход в состояние 57
    "*"   сдвиг, и переход в состояние 58
    "/"   сдвиг, и переход в состояние 59
    "%"   сдвиг, и переход в состояние 60

    "&&"      [вывод с использованием правила 26 (exp)]
    "||"      [вывод с использованием правила 26 (exp)]
    "<"       [вывод с использованием правила 26 (exp)]
    ">"       [вывод с использованием правила 26 (exp)]
    "=="      [вывод с использованием правила 26 (exp)]
    "+"       [вывод с использованием правила 26 (exp)]
    "-"       [вывод с использованием правила 26 (exp)]
    "*"       [вывод с использованием правила 26 (exp)]
    "/"       [вывод с использованием правила 26 (exp)]
    "%"       [вывод с использованием правила 26 (exp)]
    $default  вывод с использованием правила 26 (exp)


Состояние 80

    9 statement: "System.out.println" "(" exp ")" ";" .

    $default  вывод с использованием правила 9 (statement)


Состояние 81

    6 statement: "assert" "(" exp ")" ";" .

    $default  вывод с использованием правила 6 (statement)


Состояние 82

   12 statement: "identifier" "=" "new" "int" "[" . exp "]" ";"

    "("           сдвиг, и переход в состояние 36
    "!"           сдвиг, и переход в состояние 37
    "identifier"  сдвиг, и переход в состояние 38
    "number"      сдвиг, и переход в состояние 39

    exp  переход в состояние 85


Состояние 83

   11 statement: "identifier" "[" exp "]" "=" . exp ";"

    "("           сдвиг, и переход в состояние 36
    "!"           сдвиг, и переход в состояние 37
    "identifier"  сдвиг, и переход в состояние 38
    "number"      сдвиг, и переход в состояние 39

    exp  переход в состояние 86


Состояние 84

   27 exp: "identifier" "[" exp "]" .

    $default  вывод с использованием правила 27 (exp)


Состояние 85

   12 statement: "identifier" "=" "new" "int" "[" exp . "]" ";"
   17 exp: exp . "&&" exp
   18    | exp . "||" exp
   19    | exp . "<" exp
   20    | exp . ">" exp
   21    | exp . "==" exp
   22    | exp . "+" exp
   23    | exp . "-" exp
   24    | exp . "*" exp
   25    | exp . "/" exp
   26    | exp . "%" exp

    "&&"  сдвиг, и переход в состояние 51
    "||"  сдвиг, и переход в состояние 52
    "<"   сдвиг, и переход в состояние 53
    ">"   сдвиг, и переход в состояние 54
    "=="  сдвиг, и переход в состояние 55
    "+"   сдвиг, и переход в состояние 56
    "-"   сдвиг, и переход в состояние 57
    "*"   сдвиг, и переход в состояние 58
    "/"   сдвиг, и переход в состояние 59
    "%"   сдвиг, и переход в состояние 60
    "]"   сдвиг, и переход в состояние 87


Состояние 86

   11 statement: "identifier" "[" exp "]" "=" exp . ";"
   17 exp: exp . "&&" exp
   18    | exp . "||" exp
   19    | exp . "<" exp
   20    | exp . ">" exp
   21    | exp . "==" exp
   22    | exp . "+" exp
   23    | exp . "-" exp
   24    | exp . "*" exp
   25    | exp . "/" exp
   26    | exp . "%" exp

    "&&"  сдвиг, и переход в состояние 51
    "||"  сдвиг, и переход в состояние 52
    "<"   сдвиг, и переход в состояние 53
    ">"   сдвиг, и переход в состояние 54
    "=="  сдвиг, и переход в состояние 55
    "+"   сдвиг, и переход в состояние 56
    "-"   сдвиг, и переход в состояние 57
    "*"   сдвиг, и переход в состояние 58
    "/"   сдвиг, и переход в состояние 59
    "%"   сдвиг, и переход в состояние 60
    ";"   сдвиг, и переход в состояние 88


Состояние 87

   12 statement: "identifier" "=" "new" "int" "[" exp "]" . ";"

    ";"  сдвиг, и переход в состояние 89


Состояние 88

   11 statement: "identifier" "[" exp "]" "=" exp ";" .

    $default  вывод с использованием правила 11 (statement)


Состояние 89

   12 statement: "identifier" "=" "new" "int" "[" exp "]" ";" .

    $default  вывод с использованием правила 12 (statement)
